<?xml version="1.0" encoding="UTF-8"?>
<testng-results skipped="0" failed="0" total="1" passed="1">
  <reporter-output>
  </reporter-output>
  <suite name="Surefire suite" duration-ms="13300" started-at="2019-06-01T16:19:12Z" finished-at="2019-06-01T16:19:25Z">
    <groups>
    </groups>
    <test name="Surefire test" duration-ms="13300" started-at="2019-06-01T16:19:12Z" finished-at="2019-06-01T16:19:25Z">
      <class name="PageObjectModel.TestSuit">
        <test-method status="PASS" signature="openBrowser()[pri:0, instance:PageObjectModel.TestSuit@67b6d4ae]" name="openBrowser" is-config="true" duration-ms="12189" started-at="2019-06-01T17:19:12Z" finished-at="2019-06-01T17:19:24Z">
          <reporter-output>
          </reporter-output>
        </test-method> <!-- openBrowser -->
        <test-method status="PASS" signature="userShouldBeAbleToNavigateToHomePage()[pri:0, instance:PageObjectModel.TestSuit@67b6d4ae]" name="userShouldBeAbleToNavigateToHomePage" duration-ms="2" started-at="2019-06-01T17:19:24Z" finished-at="2019-06-01T17:19:24Z">
          <reporter-output>
          </reporter-output>
        </test-method> <!-- userShouldBeAbleToNavigateToHomePage -->
        <test-method status="PASS" signature="closeBrowser(org.testng.ITestResult)[pri:0, instance:PageObjectModel.TestSuit@67b6d4ae]" name="closeBrowser" is-config="true" duration-ms="1087" started-at="2019-06-01T17:19:24Z" finished-at="2019-06-01T17:19:25Z">
          <params>
            <param index="0">
              <value>
                <![CDATA[[TestResult name=userShouldBeAbleToNavigateToHomePage status=SUCCESS method=TestSuit.userShouldBeAbleToNavigateToHomePage()[pri:0, instance:PageObjectModel.TestSuit@67b6d4ae] output={null}]]]>
              </value>
            </param>
          </params>
          <reporter-output>
          </reporter-output>
        </test-method> <!-- closeBrowser -->
      </class> <!-- PageObjectModel.TestSuit -->
    </test> <!-- Surefire test -->
  </suite> <!-- Surefire suite -->
</testng-results>
